[zen-pack patch] 01-hook-bus.mjs index.js inject: patched
[zen-pack patch] 02-paths-routing.mjs state.js inject: patched
[zen-pack patch] 02-paths-routing.mjs state.js replace: replaced
[zen-pack patch] 02-paths-routing.mjs lessons.js inject: patched
[zen-pack patch] 02-paths-routing.mjs lessons.js replace: replaced
[zen-pack patch] 02-paths-routing.mjs lessons.js replace: replaced
[zen-pack patch] 02-paths-routing.mjs hivemind.js inject: patched
[zen-pack patch] 02-paths-routing.mjs hivemind.js replace: replaced
[zen-pack patch] 02-paths-routing.mjs hivemind.js replace: replaced
[zen-pack patch] 02-paths-routing.mjs briefing.js inject: patched
[zen-pack patch] 02-paths-routing.mjs briefing.js replace: replaced
[zen-pack patch] 02-paths-routing.mjs briefing.js replace: replaced
[zen-pack patch] 02-paths-routing.mjs pool-memory.js inject: patched
[zen-pack patch] 02-paths-routing.mjs pool-memory.js replace: replaced
[zen-pack patch] 02-paths-routing.mjs smart-wallets.js inject: patched
[zen-pack patch] 02-paths-routing.mjs smart-wallets.js replace: replaced
[zen-pack patch] 02-paths-routing.mjs token-blacklist.js inject: patched
[zen-pack patch] 02-paths-routing.mjs token-blacklist.js replace: replaced
[zen-pack patch] 02-paths-routing.mjs strategy-library.js inject: patched
[zen-pack patch] 02-paths-routing.mjs strategy-library.js replace: replaced
[zen-pack patch] 02-paths-routing.mjs signal-weights.js inject: patched
[zen-pack patch] 02-paths-routing.mjs signal-weights.js replace: replaced
[zen-pack patch] 02-paths-routing.mjs decision-log.js inject: patched
[zen-pack patch] 02-paths-routing.mjs decision-log.js replace: replaced
[zen-pack patch] 02-paths-routing.mjs logger.js inject: patched
[zen-pack patch] 02-paths-routing.mjs logger.js replace: replaced
[zen-pack patch] 02-paths-routing.mjs config.js inject: patched
[zen-pack patch] 02-paths-routing.mjs config.js replace: replaced
[zen-pack patch] 02-paths-routing.mjs config.js replace: replaced
[zen-pack patch] 02-paths-routing.mjs telegram.js inject: patched
[zen-pack patch] 02-paths-routing.mjs telegram.js replace: replaced
[zen-pack patch] 02-paths-routing.mjs tools/executor.js inject: patched
[zen-pack patch] 02-paths-routing.mjs tools/executor.js replace: replaced
[zen-pack patch] 02-paths-routing.mjs index.js inject: patched
[zen-pack patch] 02-paths-routing.mjs index.js replace: replaced
[zen-pack patch] 03a-lessons-racikan-helpers.mjs lessons.js append: appended
[zen-pack patch] 03b-telegram-hook.mjs index.js replace: replaced
[zen-pack patch] 04a-lessons-profile-helpers.mjs lessons.js append: appended
[zen-pack patch] 04b-tool-registrars.mjs tools/executor.js append: appended
[zen-pack patch] 04b-tool-registrars.mjs tools/definitions.js append: appended
[zen-pack patch] 05-prompt-hook.mjs agent.js replace: replaced
[zen-pack patch] 06-strategy-no-autoseed.mjs strategy-library.js replace: replaced
[zen-pack patch] 07-blacklist-failopen.mjs token-blacklist.js replace: replaced
[zen-pack patch] 08-config-reload-hook.mjs config.js inject: patched
[zen-pack patch] 08-config-reload-hook.mjs config.js inject: patched
[zen-pack patch] 09-dryrun-userconfig-wins.mjs config.js replace: replaced
[zen-pack patch] 10-agent-constants.mjs agent.js replace: replaced
[zen-pack patch] 10-agent-constants.mjs agent.js replace: replaced
[zen-pack patch] 10-agent-constants.mjs agent.js replace: replaced
[zen-pack patch] 10-agent-constants.mjs agent.js replace: replaced
[zen-pack patch] 10-agent-constants.mjs agent.js replace: replaced
[zen-pack patch] 10-agent-constants.mjs agent.js replace: replaced
[zen-pack patch] 11-agentloop-fallback-salvage.mjs agent.js append: appended
[zen-pack patch] 11-agentloop-fallback-salvage.mjs agent.js replace: replaced
[zen-pack patch] 11-agentloop-fallback-salvage.mjs agent.js replace: replaced
[zen-pack patch] 11-agentloop-fallback-salvage.mjs agent.js replace: replaced
[zen-pack patch] 11-agentloop-fallback-salvage.mjs agent.js replace: replaced
[zen-pack patch] 11-agentloop-fallback-salvage.mjs agent.js replace: replaced
[zen-pack patch] 11-agentloop-fallback-salvage.mjs agent.js replace: replaced
[zen-pack patch] 11-agentloop-fallback-salvage.mjs agent.js replace: replaced
[zen-pack patch] 12-executor-money-blocks.mjs tools/executor.js replace: replaced
[zen-pack patch] 12-executor-money-blocks.mjs tools/executor.js replace: replaced
[zen-pack patch] 12-executor-money-blocks.mjs tools/executor.js replace: replaced
[zen-pack patch] 12-executor-money-blocks.mjs tools/executor.js replace: replaced
[zen-pack patch] 12-executor-money-blocks.mjs tools/executor.js replace: replaced
[zen-pack patch] 12-executor-money-blocks.mjs tools/executor.js replace: replaced
[zen-pack patch] 13-deploy-schema-conviction.mjs tools/definitions.js replace: replaced
[zen-pack patch] 14-wallet-ext.mjs tools/wallet.js append: appended
[zen-pack patch] 14-wallet-ext.mjs tools/wallet.js replace: replaced
[zen-pack patch] 14-wallet-ext.mjs tools/wallet.js replace: replaced
[zen-pack patch] 14-wallet-ext.mjs tools/wallet.js replace: replaced
[zen-pack patch] 14-wallet-ext.mjs tools/wallet.js replace: replaced
[zen-pack patch] 14-wallet-ext.mjs tools/wallet.js replace: replaced
[zen-pack patch] 14-wallet-ext.mjs tools/wallet.js replace: replaced
[zen-pack patch] 15-executor-exit.mjs tools/executor.js replace: replaced
[zen-pack patch] 15-executor-exit.mjs tools/executor.js replace: replaced
[zen-pack patch] 16-screening-multicategory.mjs tools/screening.js replace: replaced
[zen-pack patch] 16-screening-multicategory.mjs tools/screening.js replace: replaced
[zen-pack patch] 16-screening-multicategory.mjs tools/screening.js replace: replaced
[zen-pack patch] 17-chart-indicators-smi.mjs tools/chart-indicators.js replace: replaced
[zen-pack patch] 18-telegram-ext.mjs telegram.js replace: replaced
[zen-pack patch] 18-telegram-ext.mjs telegram.js replace: replaced
[zen-pack patch] 18-telegram-ext.mjs telegram.js replace: replaced
[zen-pack patch] 18-telegram-ext.mjs telegram.js replace: replaced
[zen-pack patch] 18-telegram-ext.mjs telegram.js replace: replaced
[zen-pack patch] 18-telegram-ext.mjs telegram.js replace: replaced
[zen-pack patch] 18-telegram-ext.mjs telegram.js replace: replaced
[zen-pack patch] 18-telegram-ext.mjs telegram.js replace: replaced
[zen-pack patch] 18-telegram-ext.mjs telegram.js replace: replaced
[zen-pack patch] 18-telegram-ext.mjs telegram.js replace: replaced
[zen-pack patch] 18-telegram-ext.mjs telegram.js replace: replaced
[zen-pack patch] 19a-dlmm-paper-deploy.mjs tools/dlmm.js replace: replaced
[zen-pack patch] 19a-dlmm-paper-deploy.mjs tools/dlmm.js replace: replaced
[zen-pack patch] 19a-dlmm-paper-deploy.mjs tools/dlmm.js replace: replaced
[zen-pack patch] 19a-dlmm-paper-deploy.mjs tools/dlmm.js replace: replaced
[zen-pack patch] 19b-dlmm-paper-edges.mjs tools/dlmm.js replace: replaced
[zen-pack patch] 19b-dlmm-paper-edges.mjs tools/dlmm.js replace: replaced
[zen-pack patch] 19c-dlmm-paper-lifecycle.mjs tools/dlmm.js replace: replaced
[zen-pack patch] 20a-dlmm-dual-side.mjs tools/dlmm.js replace: skipped-idempotent
[zen-pack patch] 20a-dlmm-dual-side.mjs tools/dlmm.js replace: replaced
[zen-pack patch] 20a-dlmm-dual-side.mjs tools/dlmm.js replace: replaced
[zen-pack patch] 20a-dlmm-dual-side.mjs tools/dlmm.js replace: replaced
[zen-pack patch] 20a-dlmm-dual-side.mjs tools/dlmm.js replace: skipped-idempotent
[zen-pack patch] 20a-dlmm-dual-side.mjs tools/dlmm.js replace: replaced
[zen-pack patch] 20a-dlmm-dual-side.mjs tools/dlmm.js replace: replaced
[zen-pack patch] 20a-dlmm-dual-side.mjs tools/dlmm.js replace: replaced
[zen-pack patch] 20b-dlmm-gas-tracking.mjs tools/dlmm.js replace: replaced
[zen-pack patch] 20b-dlmm-gas-tracking.mjs tools/dlmm.js replace: replaced
[zen-pack patch] 20b-dlmm-gas-tracking.mjs tools/dlmm.js replace: replaced
[zen-pack patch] 20b-dlmm-gas-tracking.mjs tools/dlmm.js replace: replaced
[zen-pack patch] 20b-dlmm-gas-tracking.mjs tools/dlmm.js replace: replaced
[zen-pack patch] 20b-dlmm-gas-tracking.mjs tools/dlmm.js replace: replaced
[zen-pack patch] 20b-dlmm-gas-tracking.mjs tools/dlmm.js replace: replaced
[zen-pack patch] 20b-dlmm-gas-tracking.mjs tools/dlmm.js replace: replaced
[zen-pack patch] 20b-dlmm-gas-tracking.mjs tools/dlmm.js replace: replaced
[zen-pack patch] 20c-dlmm-relay-circuit.mjs tools/dlmm.js replace: replaced
[zen-pack patch] 20c-dlmm-relay-circuit.mjs tools/dlmm.js replace: replaced
[zen-pack patch] 20d-dlmm-shadow-learning.mjs tools/dlmm.js replace: replaced
[zen-pack patch] 20d-dlmm-shadow-learning.mjs tools/dlmm.js replace: replaced
[zen-pack patch] 20d-dlmm-shadow-learning.mjs tools/dlmm.js replace: replaced
[zen-pack patch] 20d-dlmm-shadow-learning.mjs tools/dlmm.js replace: replaced
[zen-pack patch] 20d-dlmm-shadow-learning.mjs tools/dlmm.js replace: replaced
[zen-pack patch] 20d-dlmm-shadow-learning.mjs tools/dlmm.js replace: replaced
[zen-pack patch] 20e-dlmm-cleanup-rent-safety.mjs tools/dlmm.js replace: replaced
[zen-pack patch] 20e-dlmm-cleanup-rent-safety.mjs tools/dlmm.js replace: replaced
[zen-pack patch] 20e-dlmm-cleanup-rent-safety.mjs tools/dlmm.js replace: replaced
[zen-pack patch] 20e-dlmm-cleanup-rent-safety.mjs tools/dlmm.js replace: replaced
[zen-pack patch] 20e-dlmm-cleanup-rent-safety.mjs tools/dlmm.js replace: replaced
[zen-pack patch] 20e-dlmm-cleanup-rent-safety.mjs tools/dlmm.js replace: replaced
[zen-pack patch] 20e-dlmm-cleanup-rent-safety.mjs tools/dlmm.js replace: replaced
[zen-pack patch] 20e-dlmm-cleanup-rent-safety.mjs tools/dlmm.js replace: replaced
[zen-pack patch] 20e-dlmm-cleanup-rent-safety.mjs tools/dlmm.js replace: replaced
[zen-pack patch] 20f-pnl-display-helpers.mjs tools/pnl.js replace: replaced
[zen-pack patch] 20f-pnl-display-helpers.mjs tools/dlmm.js replace: replaced
[zen-pack patch] 21-lessons-read-layer.mjs lessons.js replace: replaced
[zen-pack patch] 21-lessons-read-layer.mjs lessons.js replace: replaced
[zen-pack patch] 21-lessons-read-layer.mjs lessons.js replace: replaced
[zen-pack patch] 22-dlmm-close-notif.mjs tools/dlmm.js replace: replaced
[zen-pack patch] 22-dlmm-close-notif.mjs tools/dlmm.js replace: replaced
[zen-pack patch] 22-dlmm-close-notif.mjs tools/dlmm.js replace: replaced
[zen-pack patch] 22-dlmm-close-notif.mjs tools/dlmm.js replace: replaced
[zen-pack patch] 23-telegram-reports.mjs telegram.js replace: skipped-idempotent
[zen-pack patch] 23-telegram-reports.mjs telegram.js replace: skipped-idempotent
[zen-pack patch] 25a-lessons-record-live.mjs lessons.js replace: replaced
[zen-pack patch] 25a-lessons-record-live.mjs lessons.js replace: replaced
[zen-pack patch] 25b-lessons-evolve-cleanup.mjs lessons.js replace: replaced
[zen-pack patch] 25b-lessons-evolve-cleanup.mjs lessons.js replace: replaced
[zen-pack patch] 25b-lessons-evolve-cleanup.mjs lessons.js replace: replaced
[zen-pack patch] 25b-lessons-evolve-cleanup.mjs lessons.js replace: replaced
[zen-pack patch] 25c-lessons-writers-prompt.mjs lessons.js replace: replaced
[zen-pack patch] 25c-lessons-writers-prompt.mjs lessons.js replace: replaced
[zen-pack patch] 25c-lessons-writers-prompt.mjs lessons.js replace: replaced
[zen-pack patch] 25c-lessons-writers-prompt.mjs lessons.js replace: replaced
[zen-pack patch] 26a-pool-memory-deployed-addresses.mjs pool-memory.js replace: replaced
[zen-pack patch] 26b-briefing-full-parity.mjs briefing.js replace: replaced
[zen-pack patch] 27-executor-config-map.mjs tools/executor.js inject: patched
[zen-pack patch] 27-executor-config-map.mjs tools/executor.js inject: patched
[zen-pack patch] 27-executor-config-map.mjs tools/executor.js replace: replaced
[zen-pack patch] 27-executor-config-map.mjs tools/executor.js inject: patched
[zen-pack patch] 27-executor-config-map.mjs tools/executor.js replace: replaced
[zen-pack patch] 27-executor-config-map.mjs tools/definitions.js replace: replaced
[zen-pack patch] 28-telegram-settings-hook.mjs index.js replace: replaced
[zen-pack patch] 28-telegram-settings-hook.mjs index.js replace: replaced
[zen-pack patch] 29-agentloop-money.mjs agent.js replace: replaced
[zen-pack patch] 29-agentloop-money.mjs agent.js replace: replaced
[zen-pack patch] 29-agentloop-money.mjs agent.js replace: replaced
[zen-pack patch] 29-agentloop-money.mjs agent.js replace: replaced
[zen-pack patch] 29-agentloop-money.mjs agent.js replace: replaced
[zen-pack patch] 29-agentloop-money.mjs agent.js replace: replaced
[zen-pack patch] 29-agentloop-money.mjs agent.js replace: replaced
[zen-pack patch] 29-agentloop-money.mjs agent.js replace: replaced
[zen-pack patch] 29-agentloop-money.mjs agent.js replace: replaced
[zen-pack patch] 30-briefing-wiring.mjs config.js replace: replaced
[zen-pack patch] 30-briefing-wiring.mjs state.js replace: replaced
[zen-pack patch] 30-briefing-wiring.mjs index.js replace: replaced
[zen-pack patch] 30-briefing-wiring.mjs index.js replace: replaced
[zen-pack patch] 30-briefing-wiring.mjs index.js replace: replaced
[zen-pack patch] 30-briefing-wiring.mjs index.js replace: replaced
[zen-pack patch] 30-briefing-wiring.mjs index.js replace: replaced
[zen-pack patch] 31-screening-foundations.mjs tools/gmgn.js replace: replaced
[zen-pack patch] 31-screening-foundations.mjs tools/screening.js replace: replaced
[zen-pack patch] 31-screening-foundations.mjs tools/screening.js replace: replaced
[zen-pack patch] 31-screening-foundations.mjs index.js replace: replaced
[zen-pack patch] 31-screening-foundations.mjs index.js replace: replaced
[zen-pack patch] 31-screening-foundations.mjs index.js replace: replaced
[zen-pack patch] 31-screening-foundations.mjs index.js replace: replaced
[zen-pack patch] 32-screening-cycle-wiring.mjs index.js replace: replaced
[zen-pack patch] 32-screening-cycle-wiring.mjs index.js replace: replaced
[zen-pack patch] 32-screening-cycle-wiring.mjs index.js replace: replaced
[zen-pack patch] 32-screening-cycle-wiring.mjs index.js replace: replaced
[zen-pack patch] 33-exit-state-fields.mjs state.js replace: replaced
[zen-pack patch] 33-exit-state-fields.mjs state.js replace: replaced
[zen-pack patch] 33-exit-state-fields.mjs state.js replace: replaced
[zen-pack patch] 33-exit-state-fields.mjs tools/dlmm.js replace: replaced
[zen-pack patch] 33-exit-state-fields.mjs tools/dlmm.js replace: replaced
[zen-pack patch] 33-exit-state-fields.mjs tools/dlmm.js replace: replaced
[zen-pack patch] 34-index-residue.mjs index.js replace: replaced
[zen-pack patch] 34-index-residue.mjs index.js replace: replaced
[zen-pack patch] 34-index-residue.mjs index.js replace: replaced
[zen-pack patch] 34-index-residue.mjs index.js replace: replaced
[zen-pack patch] 35-pnl-jupiter-display.mjs tools/pnl.js replace: replaced
[zen-pack patch] 35-pnl-jupiter-display.mjs tools/pnl.js replace: replaced
[zen-pack patch] 35-pnl-jupiter-display.mjs tools/pnl.js replace: replaced
[zen-pack patch] 35-pnl-jupiter-display.mjs tools/pnl.js replace: replaced
INSTALL OK (copy + patches)
